kotlin version: 2.0.21
error message: org.jetbrains.kotlin.backend.common.BackendException: Backend Internal error: Exception during IR lowering
File being compiled: C:/Users/helmi/AndroidStudioProjects/loop/feature/auth/src/main/java/com/hderbali/auth/SplashScreenContent.kt
The root cause java.lang.RuntimeException was thrown at: org.jetbrains.kotlin.backend.jvm.codegen.FunctionCodegen.generate(FunctionCodegen.kt:47)
	at org.jetbrains.kotlin.backend.common.CodegenUtil.reportBackendException(CodegenUtil.kt:253)
	at org.jetbrains.kotlin.backend.common.CodegenUtil.reportBackendException$default(CodegenUtil.kt:236)
	at org.jetbrains.kotlin.backend.common.phaser.PerformByIrFilePhase.invokeSequential(performByIrFile.kt:65)
	at org.jetbrains.kotlin.backend.common.phaser.PerformByIrFilePhase.invoke(performByIrFile.kt:52)
	at org.jetbrains.kotlin.backend.common.phaser.PerformByIrFilePhase.invoke(performByIrFile.kt:38)
	at org.jetbrains.kotlin.backend.common.phaser.NamedCompilerPhase.phaseBody(CompilerPhase.kt:166)
	at org.jetbrains.kotlin.backend.common.phaser.AbstractNamedCompilerPhase.invoke(CompilerPhase.kt:113)
	at org.jetbrains.kotlin.backend.common.phaser.CompositePhase.invoke(PhaseBuilders.kt:27)
	at org.jetbrains.kotlin.backend.common.phaser.CompositePhase.invoke(PhaseBuilders.kt:14)
	at org.jetbrains.kotlin.backend.common.phaser.NamedCompilerPhase.phaseBody(CompilerPhase.kt:166)
	at org.jetbrains.kotlin.backend.common.phaser.AbstractNamedCompilerPhase.invoke(CompilerPhase.kt:113)
	at org.jetbrains.kotlin.backend.common.phaser.CompilerPhaseKt.invokeToplevel(CompilerPhase.kt:62)
	at org.jetbrains.kotlin.backend.jvm.JvmIrCodegenFactory.invokeCodegen(JvmIrCodegenFactory.kt:371)
	at org.jetbrains.kotlin.codegen.CodegenFactory.generateModule(CodegenFactory.kt:47)
	at org.jetbrains.kotlin.backend.jvm.JvmIrCodegenFactory.generateModuleInFrontendIRMode(JvmIrCodegenFactory.kt:433)
	at org.jetbrains.kotlin.cli.jvm.compiler.pipeline.JvmCompilerPipelineKt.generateCodeFromIr(jvmCompilerPipeline.kt:246)
	at org.jetbrains.kotlin.cli.jvm.compiler.pipeline.JvmCompilerPipelineKt.compileModulesUsingFrontendIrAndLightTree(jvmCompilerPipeline.kt:142)
	at org.jetbrains.kotlin.cli.jvm.K2JVMCompiler.doExecute(K2JVMCompiler.kt:148)
	at org.jetbrains.kotlin.cli.jvm.K2JVMCompiler.doExecute(K2JVMCompiler.kt:43)
	at org.jetbrains.kotlin.cli.common.CLICompiler.execImpl(CLICompiler.kt:103)
	at org.jetbrains.kotlin.cli.common.CLICompiler.execImpl(CLICompiler.kt:49)
	at org.jetbrains.kotlin.cli.common.CLITool.exec(CLITool.kt:101)
	at org.jetbrains.kotlin.incremental.IncrementalJvmCompilerRunner.runCompiler(IncrementalJvmCompilerRunner.kt:464)
	at org.jetbrains.kotlin.incremental.IncrementalJvmCompilerRunner.runCompiler(IncrementalJvmCompilerRunner.kt:73)
	at org.jetbrains.kotlin.incremental.IncrementalCompilerRunner.doCompile(IncrementalCompilerRunner.kt:506)
	at org.jetbrains.kotlin.incremental.IncrementalCompilerRunner.compileImpl(IncrementalCompilerRunner.kt:423)
	at org.jetbrains.kotlin.incremental.IncrementalCompilerRunner.compileNonIncrementally(IncrementalCompilerRunner.kt:301)
	at org.jetbrains.kotlin.incremental.IncrementalCompilerRunner.compile(IncrementalCompilerRunner.kt:129)
	at org.jetbrains.kotlin.daemon.CompileServiceImplBase.execIncrementalCompiler(CompileServiceImpl.kt:675)
	at org.jetbrains.kotlin.daemon.CompileServiceImplBase.access$execIncrementalCompiler(CompileServiceImpl.kt:92)
	at org.jetbrains.kotlin.daemon.CompileServiceImpl.compile(CompileServiceImpl.kt:1660)
	at java.base/jdk.internal.reflect.DirectMethodHandleAccessor.invoke(Unknown Source)
	at java.base/java.lang.reflect.Method.invoke(Unknown Source)
	at java.rmi/sun.rmi.server.UnicastServerRef.dispatch(Unknown Source)
	at java.rmi/sun.rmi.transport.Transport$1.run(Unknown Source)
	at java.rmi/sun.rmi.transport.Transport$1.run(Unknown Source)
	at java.base/java.security.AccessController.doPrivileged(Unknown Source)
	at java.rmi/sun.rmi.transport.Transport.serviceCall(Unknown Source)
	at java.rmi/sun.rmi.transport.tcp.TCPTransport.handleMessages(Unknown Source)
	at java.rmi/sun.rmi.transport.tcp.TCPTransport$ConnectionHandler.run0(Unknown Source)
	at java.rmi/sun.rmi.transport.tcp.TCPTransport$ConnectionHandler.lambda$run$0(Unknown Source)
	at java.base/java.security.AccessController.doPrivileged(Unknown Source)
	at java.rmi/sun.rmi.transport.tcp.TCPTransport$ConnectionHandler.run(Unknown Source)
	at java.base/java.util.concurrent.ThreadPoolExecutor.runWorker(Unknown Source)
	at java.base/java.util.concurrent.ThreadPoolExecutor$Worker.run(Unknown Source)
	at java.base/java.lang.Thread.run(Unknown Source)
Caused by: java.lang.RuntimeException: Exception while generating code for:
FUN name:SplashScreenContent visibility:public modality:FINAL <> (state:com.hderbali.auth.SplashScreenState, onRetryClick:kotlin.Function0<kotlin.Unit>) returnType:kotlin.Unit
  annotations:
    Composable
  VALUE_PARAMETER name:state index:0 type:com.hderbali.auth.SplashScreenState
  VALUE_PARAMETER name:onRetryClick index:1 type:kotlin.Function0<kotlin.Unit>
  BLOCK_BODY
    CALL 'public final fun Box$default (modifier: androidx.compose.ui.Modifier?, contentAlignment: androidx.compose.ui.Alignment?, propagateMinConstraints: kotlin.Boolean, content: @[Composable] @[ExtensionFunctionType] kotlin.Function1<androidx.compose.foundation.layout.BoxScope, kotlin.Unit>, $mask0: kotlin.Int, $handler: kotlin.Any?): kotlin.Unit [inline] declared in androidx.compose.foundation.layout.BoxKt' type=kotlin.Unit origin=DEFAULT_DISPATCH_CALL
      modifier: CALL 'public final fun background-bw27NRU$default (color: androidx.compose.ui.graphics.Color, shape: androidx.compose.ui.graphics.Shape?, $mask0: kotlin.Int, $handler: kotlin.Any?): androidx.compose.ui.Modifier declared in androidx.compose.foundation.BackgroundKt' type=androidx.compose.ui.Modifier origin=DEFAULT_DISPATCH_CALL
        $receiver: CALL 'public final fun fillMaxSize$default (fraction: kotlin.Float, $mask0: kotlin.Int, $handler: kotlin.Any?): androidx.compose.ui.Modifier declared in androidx.compose.foundation.layout.SizeKt' type=androidx.compose.ui.Modifier origin=DEFAULT_DISPATCH_CALL
          $receiver: GET_FIELD 'FIELD FIELD_FOR_OBJECT_INSTANCE name:Companion type:androidx.compose.ui.Modifier.Companion visibility:public [final,static] declared in androidx.compose.ui.Modifier' type=androidx.compose.ui.Modifier.Companion origin=null
          fraction: COMPOSITE type=kotlin.Float origin=DEFAULT_VALUE
            CONST Float type=kotlin.Float value=0.0
          $mask0: CONST Int type=kotlin.Int value=1
          $handler: CONST Null type=kotlin.Any? value=null
        color: CALL 'public final fun getBackground-0d7_KjU (): androidx.compose.ui.graphics.Color declared in androidx.compose.material3.ColorScheme' type=androidx.compose.ui.graphics.Color origin=GET_PROPERTY
          $this: CALL 'public final fun <get-colorScheme> (): androidx.compose.material3.ColorScheme declared in androidx.compose.material3.MaterialTheme' type=androidx.compose.material3.ColorScheme origin=GET_PROPERTY
            $this: GET_FIELD 'FIELD FIELD_FOR_OBJECT_INSTANCE name:INSTANCE type:androidx.compose.material3.MaterialTheme visibility:public [final,static] declared in androidx.compose.material3.MaterialTheme' type=androidx.compose.material3.MaterialTheme origin=null
        shape: COMPOSITE type=androidx.compose.ui.graphics.Shape? origin=DEFAULT_VALUE
          CONST Null type=androidx.compose.ui.graphics.Shape? value=null
        $mask0: CONST Int type=kotlin.Int value=2
        $handler: CONST Null type=kotlin.Any? value=null
      contentAlignment: CALL 'public final fun <get-Center> (): androidx.compose.ui.Alignment declared in androidx.compose.ui.Alignment.Companion' type=androidx.compose.ui.Alignment origin=GET_PROPERTY
        $this: GET_FIELD 'FIELD FIELD_FOR_OBJECT_INSTANCE name:Companion type:androidx.compose.ui.Alignment.Companion visibility:public [final,static] declared in androidx.compose.ui.Alignment' type=androidx.compose.ui.Alignment.Companion origin=null
      propagateMinConstraints: COMPOSITE type=kotlin.Boolean origin=DEFAULT_VALUE
        CONST Boolean type=kotlin.Boolean value=false
      content: BLOCK type=@[ExtensionFunctionType] kotlin.Function1<androidx.compose.foundation.layout.BoxScope, kotlin.Unit> origin=LAMBDA
        COMPOSITE type=kotlin.Unit origin=null
        FUNCTION_REFERENCE 'private final fun SplashScreenContent$lambda$1 ($state: com.hderbali.auth.SplashScreenState, $onRetryClick: kotlin.Function0<kotlin.Unit>): kotlin.Unit declared in com.hderbali.auth.SplashScreenContentKt' type=@[ExtensionFunctionType] kotlin.Function1<androidx.compose.foundation.layout.BoxScope, kotlin.Unit> origin=INLINE_LAMBDA reflectionTarget=null
          $state: GET_VAR 'state: com.hderbali.auth.SplashScreenState declared in com.hderbali.auth.SplashScreenContentKt.SplashScreenContent' type=com.hderbali.auth.SplashScreenState origin=null
          $onRetryClick: GET_VAR 'onRetryClick: kotlin.Function0<kotlin.Unit> declared in com.hderbali.auth.SplashScreenContentKt.SplashScreenContent' type=kotlin.Function0<kotlin.Unit> origin=null
      $mask0: CONST Int type=kotlin.Int value=4
      $handler: CONST Null type=kotlin.Any? value=null

	at org.jetbrains.kotlin.backend.jvm.codegen.FunctionCodegen.generate(FunctionCodegen.kt:47)
	at org.jetbrains.kotlin.backend.jvm.codegen.FunctionCodegen.generate$default(FunctionCodegen.kt:40)
	at org.jetbrains.kotlin.backend.jvm.codegen.ClassCodegen.generateMethodNode(ClassCodegen.kt:406)
	at org.jetbrains.kotlin.backend.jvm.codegen.ClassCodegen.generateMethod(ClassCodegen.kt:423)
	at org.jetbrains.kotlin.backend.jvm.codegen.ClassCodegen.generate(ClassCodegen.kt:168)
	at org.jetbrains.kotlin.backend.jvm.FileCodegen.lower(JvmPhases.kt:39)
	at org.jetbrains.kotlin.backend.common.phaser.PhaseFactoriesKt.createFilePhase$lambda$4(PhaseFactories.kt:71)
	at org.jetbrains.kotlin.backend.common.phaser.PhaseBuildersKt$createSimpleNamedCompilerPhase$1.phaseBody(PhaseBuilders.kt:69)
	at org.jetbrains.kotlin.backend.common.phaser.SimpleNamedCompilerPhase.phaseBody(CompilerPhase.kt:226)
	at org.jetbrains.kotlin.backend.common.phaser.AbstractNamedCompilerPhase.invoke(CompilerPhase.kt:113)
	at org.jetbrains.kotlin.backend.common.phaser.PerformByIrFilePhase.invokeSequential(performByIrFile.kt:62)
	... 43 more
Caused by: java.lang.RuntimeException: Exception while generating code for:
FUN INLINE_LAMBDA name:SplashScreenContent$lambda$1 visibility:private modality:FINAL <> ($receiver:androidx.compose.foundation.layout.BoxScope, $state:com.hderbali.auth.SplashScreenState, $onRetryClick:kotlin.Function0<kotlin.Unit>) returnType:kotlin.Unit
  $receiver: VALUE_PARAMETER name:$this$Box type:androidx.compose.foundation.layout.BoxScope
  VALUE_PARAMETER BOUND_VALUE_PARAMETER name:$state index:0 type:com.hderbali.auth.SplashScreenState
  VALUE_PARAMETER BOUND_VALUE_PARAMETER name:$onRetryClick index:1 type:kotlin.Function0<kotlin.Unit>
  BLOCK_BODY
    VAR name:$i$a$-Box$default-SplashScreenContentKt$SplashScreenContent$1 type:kotlin.Int [val]
      CONST Int type=kotlin.Int value=0
    BLOCK type=kotlin.Unit origin=ARGUMENTS_REORDERING_FOR_CALL
      VAR IR_TEMPORARY_VARIABLE name:tmp0_horizontalAlignment type:androidx.compose.ui.Alignment.Horizontal [val]
        CALL 'public final fun <get-CenterHorizontally> (): androidx.compose.ui.Alignment.Horizontal declared in androidx.compose.ui.Alignment.Companion' type=androidx.compose.ui.Alignment.Horizontal origin=GET_PROPERTY
          $this: GET_FIELD 'FIELD FIELD_FOR_OBJECT_INSTANCE name:Companion type:androidx.compose.ui.Alignment.Companion visibility:public [final,static] declared in androidx.compose.ui.Alignment' type=androidx.compose.ui.Alignment.Companion origin=null
      VAR IR_TEMPORARY_VARIABLE name:tmp1_verticalArrangement type:androidx.compose.foundation.layout.Arrangement.HorizontalOrVertical [val]
        CALL 'public final fun <get-Center> (): androidx.compose.foundation.layout.Arrangement.HorizontalOrVertical declared in androidx.compose.foundation.layout.Arrangement' type=androidx.compose.foundation.layout.Arrangement.HorizontalOrVertical origin=GET_PROPERTY
          $this: GET_FIELD 'FIELD FIELD_FOR_OBJECT_INSTANCE name:INSTANCE type:androidx.compose.foundation.layout.Arrangement visibility:public [final,static] declared in androidx.compose.foundation.layout.Arrangement' type=androidx.compose.foundation.layout.Arrangement origin=null
      VAR IR_TEMPORARY_VARIABLE name:tmp2_modifier type:androidx.compose.ui.Modifier [val]
        CALL 'public final fun padding-3ABfNKs (all: androidx.compose.ui.unit.Dp): androidx.compose.ui.Modifier declared in androidx.compose.foundation.layout.PaddingKt' type=androidx.compose.ui.Modifier origin=null
          $receiver: GET_FIELD 'FIELD FIELD_FOR_OBJECT_INSTANCE name:Companion type:androidx.compose.ui.Modifier.Companion visibility:public [final,static] declared in androidx.compose.ui.Modifier' type=androidx.compose.ui.Modifier.Companion origin=null
          all: CALL 'public final fun getSpacing16-D9Ej5fM (): androidx.compose.ui.unit.Dp declared in com.hderbali.ui.theme.AppDimensions' type=androidx.compose.ui.unit.Dp origin=GET_PROPERTY
            $this: GET_FIELD 'FIELD FIELD_FOR_OBJECT_INSTANCE name:INSTANCE type:com.hderbali.ui.theme.AppDimensions visibility:public [final,static] declared in com.hderbali.ui.theme.AppDimensions' type=com.hderbali.ui.theme.AppDimensions origin=null
      CALL 'public final fun Column (modifier: androidx.compose.ui.Modifier, verticalArrangement: androidx.compose.foundation.layout.Arrangement.Vertical, horizontalAlignment: androidx.compose.ui.Alignment.Horizontal, content: @[Composable] @[ExtensionFunctionType] kotlin.Function1<androidx.compose.foundation.layout.ColumnScope, kotlin.Unit>): kotlin.Unit [inline] declared in androidx.compose.foundation.layout.ColumnKt' type=kotlin.Unit origin=null
        modifier: GET_VAR 'val tmp2_modifier: androidx.compose.ui.Modifier [val] declared in com.hderbali.auth.SplashScreenContentKt.SplashScreenContent$lambda$1' type=androidx.compose.ui.Modifier origin=null
        verticalArrangement: GET_VAR 'val tmp1_verticalArrangement: androidx.compose.foundation.layout.Arrangement.HorizontalOrVertical [val] declared in com.hderbali.auth.SplashScreenContentKt.SplashScreenContent$lambda$1' type=androidx.compose.foundation.layout.Arrangement.HorizontalOrVertical origin=null
        horizontalAlignment: GET_VAR 'val tmp0_horizontalAlignment: androidx.compose.ui.Alignment.Horizontal [val] declared in com.hderbali.auth.SplashScreenContentKt.SplashScreenContent$lambda$1' type=androidx.compose.ui.Alignment.Horizontal origin=null
        content: BLOCK type=@[ExtensionFunctionType] kotlin.Function1<androidx.compose.foundation.layout.ColumnScope, kotlin.Unit> origin=LAMBDA
          COMPOSITE type=kotlin.Unit origin=null
          FUNCTION_REFERENCE 'private final fun SplashScreenContent$lambda$1$lambda$0 ($state: com.hderbali.auth.SplashScreenState, $onRetryClick: kotlin.Function0<kotlin.Unit>): kotlin.Unit declared in com.hderbali.auth.SplashScreenContentKt' type=@[ExtensionFunctionType] kotlin.Function1<androidx.compose.foundation.layout.ColumnScope, kotlin.Unit> origin=INLINE_LAMBDA reflectionTarget=null
            $state: GET_VAR '$state: com.hderbali.auth.SplashScreenState declared in com.hderbali.auth.SplashScreenContentKt.SplashScreenContent$lambda$1' type=com.hderbali.auth.SplashScreenState origin=null
            $onRetryClick: GET_VAR '$onRetryClick: kotlin.Function0<kotlin.Unit> declared in com.hderbali.auth.SplashScreenContentKt.SplashScreenContent$lambda$1' type=kotlin.Function0<kotlin.Unit> origin=null

	at org.jetbrains.kotlin.backend.jvm.codegen.FunctionCodegen.generate(FunctionCodegen.kt:47)
	at org.jetbrains.kotlin.backend.jvm.codegen.IrSourceCompilerForInline.generateLambdaBody(IrSourceCompilerForInline.kt:67)
	at org.jetbrains.kotlin.codegen.inline.ExpressionLambda.generateLambdaBody(LambdaInfo.kt:72)
	at org.jetbrains.kotlin.backend.jvm.codegen.IrInlineCodegen.genValueAndPut(IrInlineCodegen.kt:100)
	at org.jetbrains.kotlin.backend.jvm.codegen.ExpressionCodegen.visitCall$handleParameter(ExpressionCodegen.kt:616)
	at org.jetbrains.kotlin.backend.jvm.codegen.ExpressionCodegen.visitCall(ExpressionCodegen.kt:644)
	at org.jetbrains.kotlin.backend.jvm.codegen.ExpressionCodegen.visitCall(ExpressionCodegen.kt:138)
	at org.jetbrains.kotlin.ir.expressions.IrCall.accept(IrCall.kt:24)
	at org.jetbrains.kotlin.backend.jvm.codegen.ExpressionCodegen.visitStatementContainer(ExpressionCodegen.kt:579)
	at org.jetbrains.kotlin.backend.jvm.codegen.ExpressionCodegen.visitBlockBody(ExpressionCodegen.kt:584)
	at org.jetbrains.kotlin.backend.jvm.codegen.ExpressionCodegen.visitBlockBody(ExpressionCodegen.kt:138)
	at org.jetbrains.kotlin.ir.expressions.IrBlockBody.accept(IrBlockBody.kt:20)
	at org.jetbrains.kotlin.backend.jvm.codegen.ExpressionCodegen.generate(ExpressionCodegen.kt:240)
	at org.jetbrains.kotlin.backend.jvm.codegen.FunctionCodegen.doGenerate(FunctionCodegen.kt:123)
	at org.jetbrains.kotlin.backend.jvm.codegen.FunctionCodegen.generate(FunctionCodegen.kt:44)
	... 53 more
Caused by: org.jetbrains.kotlin.codegen.CompilationException: Back-end (JVM) Internal error: Couldn't inline method call: CALL 'public final fun Column (modifier: androidx.compose.ui.Modifier, verticalArrangement: androidx.compose.foundation.layout.Arrangement.Vertical, horizontalAlignment: androidx.compose.ui.Alignment.Horizontal, content: @[Composable] @[ExtensionFunctionType] kotlin.Function1<androidx.compose.foundation.layout.ColumnScope, kotlin.Unit>): kotlin.Unit [inline] declared in androidx.compose.foundation.layout.ColumnKt' type=kotlin.Unit origin=null
Method: null
File is unknown
The root cause java.lang.IllegalStateException was thrown at: org.jetbrains.kotlin.codegen.inline.SourceCompilerForInlineKt.getMethodNode(SourceCompilerForInline.kt:118)
	at org.jetbrains.kotlin.codegen.inline.InlineCodegen.performInline(InlineCodegen.kt:65)
	at org.jetbrains.kotlin.backend.jvm.codegen.IrInlineCodegen.genInlineCall(IrInlineCodegen.kt:163)
	at org.jetbrains.kotlin.backend.jvm.codegen.IrInlineCallGenerator.genCall(IrInlineCallGenerator.kt:36)
	at org.jetbrains.kotlin.backend.jvm.codegen.ExpressionCodegen.visitCall(ExpressionCodegen.kt:653)
	at org.jetbrains.kotlin.backend.jvm.codegen.ExpressionCodegen.visitCall(ExpressionCodegen.kt:138)
	at org.jetbrains.kotlin.ir.expressions.IrCall.accept(IrCall.kt:24)
	at org.jetbrains.kotlin.backend.jvm.codegen.ExpressionCodegen.visitStatementContainer(ExpressionCodegen.kt:579)
	at org.jetbrains.kotlin.backend.jvm.codegen.ExpressionCodegen.visitContainerExpression(ExpressionCodegen.kt:593)
	at org.jetbrains.kotlin.backend.jvm.codegen.ExpressionCodegen.visitContainerExpression(ExpressionCodegen.kt:138)
	at org.jetbrains.kotlin.ir.visitors.IrElementVisitor$DefaultImpls.visitBlock(IrElementVisitor.kt:122)
	at org.jetbrains.kotlin.backend.jvm.codegen.ExpressionCodegen.visitBlock(ExpressionCodegen.kt:413)
	at org.jetbrains.kotlin.backend.jvm.codegen.ExpressionCodegen.visitBlock(ExpressionCodegen.kt:138)
	at org.jetbrains.kotlin.ir.expressions.IrBlock.accept(IrBlock.kt:18)
	at org.jetbrains.kotlin.backend.jvm.codegen.ExpressionCodegen.visitStatementContainer(ExpressionCodegen.kt:579)
	at org.jetbrains.kotlin.backend.jvm.codegen.ExpressionCodegen.visitBlockBody(ExpressionCodegen.kt:584)
	at org.jetbrains.kotlin.backend.jvm.codegen.ExpressionCodegen.visitBlockBody(ExpressionCodegen.kt:138)
	at org.jetbrains.kotlin.ir.expressions.IrBlockBody.accept(IrBlockBody.kt:20)
	at org.jetbrains.kotlin.backend.jvm.codegen.ExpressionCodegen.generate(ExpressionCodegen.kt:240)
	at org.jetbrains.kotlin.backend.jvm.codegen.FunctionCodegen.doGenerate(FunctionCodegen.kt:123)
	at org.jetbrains.kotlin.backend.jvm.codegen.FunctionCodegen.generate(FunctionCodegen.kt:44)
	... 67 more
Caused by: java.lang.IllegalStateException: couldn't find inline method Landroidx/compose/foundation/layout/ColumnKt;.Column(Landroidx/compose/ui/Modifier;Landroidx/compose/foundation/layout/Arrangement$Vertical;Landroidx/compose/ui/Alignment$Horizontal;Lkotlin/jvm/functions/Function1;)V
	at org.jetbrains.kotlin.codegen.inline.SourceCompilerForInlineKt.getMethodNode(SourceCompilerForInline.kt:118)
	at org.jetbrains.kotlin.codegen.inline.SourceCompilerForInlineKt.loadCompiledInlineFunction(SourceCompilerForInline.kt:96)
	at org.jetbrains.kotlin.backend.jvm.codegen.IrSourceCompilerForInline.compileInlineFunction(IrSourceCompilerForInline.kt:91)
	at org.jetbrains.kotlin.codegen.inline.InlineCodegen.compileInline(InlineCodegen.kt:43)
	at org.jetbrains.kotlin.codegen.inline.InlineCodegen.performInline(InlineCodegen.kt:51)
	... 86 more


