kotlin version: 2.0.21
error message: org.jetbrains.kotlin.backend.common.BackendException: Backend Internal error: Exception during IR lowering
File being compiled: C:/Users/helmi/AndroidStudioProjects/loop/feature/auth/src/main/java/com/hderbali/auth/SplashScreen.kt
The root cause java.lang.RuntimeException was thrown at: org.jetbrains.kotlin.backend.jvm.codegen.FunctionCodegen.generate(FunctionCodegen.kt:47)
	at org.jetbrains.kotlin.backend.common.CodegenUtil.reportBackendException(CodegenUtil.kt:253)
	at org.jetbrains.kotlin.backend.common.CodegenUtil.reportBackendException$default(CodegenUtil.kt:236)
	at org.jetbrains.kotlin.backend.common.phaser.PerformByIrFilePhase.invokeSequential(performByIrFile.kt:65)
	at org.jetbrains.kotlin.backend.common.phaser.PerformByIrFilePhase.invoke(performByIrFile.kt:52)
	at org.jetbrains.kotlin.backend.common.phaser.PerformByIrFilePhase.invoke(performByIrFile.kt:38)
	at org.jetbrains.kotlin.backend.common.phaser.NamedCompilerPhase.phaseBody(CompilerPhase.kt:166)
	at org.jetbrains.kotlin.backend.common.phaser.AbstractNamedCompilerPhase.invoke(CompilerPhase.kt:113)
	at org.jetbrains.kotlin.backend.common.phaser.CompositePhase.invoke(PhaseBuilders.kt:27)
	at org.jetbrains.kotlin.backend.common.phaser.CompositePhase.invoke(PhaseBuilders.kt:14)
	at org.jetbrains.kotlin.backend.common.phaser.NamedCompilerPhase.phaseBody(CompilerPhase.kt:166)
	at org.jetbrains.kotlin.backend.common.phaser.AbstractNamedCompilerPhase.invoke(CompilerPhase.kt:113)
	at org.jetbrains.kotlin.backend.common.phaser.CompilerPhaseKt.invokeToplevel(CompilerPhase.kt:62)
	at org.jetbrains.kotlin.backend.jvm.JvmIrCodegenFactory.invokeCodegen(JvmIrCodegenFactory.kt:371)
	at org.jetbrains.kotlin.codegen.CodegenFactory.generateModule(CodegenFactory.kt:47)
	at org.jetbrains.kotlin.backend.jvm.JvmIrCodegenFactory.generateModuleInFrontendIRMode(JvmIrCodegenFactory.kt:433)
	at org.jetbrains.kotlin.cli.jvm.compiler.pipeline.JvmCompilerPipelineKt.generateCodeFromIr(jvmCompilerPipeline.kt:246)
	at org.jetbrains.kotlin.cli.jvm.compiler.pipeline.JvmCompilerPipelineKt.compileModulesUsingFrontendIrAndLightTree(jvmCompilerPipeline.kt:142)
	at org.jetbrains.kotlin.cli.jvm.K2JVMCompiler.doExecute(K2JVMCompiler.kt:148)
	at org.jetbrains.kotlin.cli.jvm.K2JVMCompiler.doExecute(K2JVMCompiler.kt:43)
	at org.jetbrains.kotlin.cli.common.CLICompiler.execImpl(CLICompiler.kt:103)
	at org.jetbrains.kotlin.cli.common.CLICompiler.execImpl(CLICompiler.kt:49)
	at org.jetbrains.kotlin.cli.common.CLITool.exec(CLITool.kt:101)
	at org.jetbrains.kotlin.incremental.IncrementalJvmCompilerRunner.runCompiler(IncrementalJvmCompilerRunner.kt:464)
	at org.jetbrains.kotlin.incremental.IncrementalJvmCompilerRunner.runCompiler(IncrementalJvmCompilerRunner.kt:73)
	at org.jetbrains.kotlin.incremental.IncrementalCompilerRunner.doCompile(IncrementalCompilerRunner.kt:506)
	at org.jetbrains.kotlin.incremental.IncrementalCompilerRunner.compileImpl(IncrementalCompilerRunner.kt:423)
	at org.jetbrains.kotlin.incremental.IncrementalCompilerRunner.compileNonIncrementally(IncrementalCompilerRunner.kt:301)
	at org.jetbrains.kotlin.incremental.IncrementalCompilerRunner.compile(IncrementalCompilerRunner.kt:129)
	at org.jetbrains.kotlin.daemon.CompileServiceImplBase.execIncrementalCompiler(CompileServiceImpl.kt:675)
	at org.jetbrains.kotlin.daemon.CompileServiceImplBase.access$execIncrementalCompiler(CompileServiceImpl.kt:92)
	at org.jetbrains.kotlin.daemon.CompileServiceImpl.compile(CompileServiceImpl.kt:1660)
	at java.base/jdk.internal.reflect.DirectMethodHandleAccessor.invoke(Unknown Source)
	at java.base/java.lang.reflect.Method.invoke(Unknown Source)
	at java.rmi/sun.rmi.server.UnicastServerRef.dispatch(Unknown Source)
	at java.rmi/sun.rmi.transport.Transport$1.run(Unknown Source)
	at java.rmi/sun.rmi.transport.Transport$1.run(Unknown Source)
	at java.base/java.security.AccessController.doPrivileged(Unknown Source)
	at java.rmi/sun.rmi.transport.Transport.serviceCall(Unknown Source)
	at java.rmi/sun.rmi.transport.tcp.TCPTransport.handleMessages(Unknown Source)
	at java.rmi/sun.rmi.transport.tcp.TCPTransport$ConnectionHandler.run0(Unknown Source)
	at java.rmi/sun.rmi.transport.tcp.TCPTransport$ConnectionHandler.lambda$run$0(Unknown Source)
	at java.base/java.security.AccessController.doPrivileged(Unknown Source)
	at java.rmi/sun.rmi.transport.tcp.TCPTransport$ConnectionHandler.run(Unknown Source)
	at java.base/java.util.concurrent.ThreadPoolExecutor.runWorker(Unknown Source)
	at java.base/java.util.concurrent.ThreadPoolExecutor$Worker.run(Unknown Source)
	at java.base/java.lang.Thread.run(Unknown Source)
Caused by: java.lang.RuntimeException: Exception while generating code for:
FUN name:SplashScreen visibility:public modality:FINAL <> (onNavigateToHome:kotlin.Function0<kotlin.Unit>) returnType:kotlin.Unit
  annotations:
    Composable
  VALUE_PARAMETER name:onNavigateToHome index:0 type:kotlin.Function0<kotlin.Unit>
  BLOCK_BODY
    VAR name:viewModel type:com.hderbali.auth.SplashViewModel [val]
      TYPE_OP type=com.hderbali.auth.SplashViewModel origin=IMPLICIT_CAST typeOperand=com.hderbali.auth.SplashViewModel
        CALL 'public final fun hiltViewModel$default <VM> (viewModelStoreOwner: androidx.lifecycle.ViewModelStoreOwner?, key: kotlin.String?, $mask0: kotlin.Int, $handler: kotlin.Any?): VM of androidx.hilt.navigation.compose.HiltViewModelKt.hiltViewModel$default [inline] declared in androidx.hilt.navigation.compose.HiltViewModelKt' type=VM of androidx.hilt.navigation.compose.HiltViewModelKt.hiltViewModel$default origin=DEFAULT_DISPATCH_CALL
          <VM>: com.hderbali.auth.SplashViewModel
          viewModelStoreOwner: COMPOSITE type=androidx.lifecycle.ViewModelStoreOwner? origin=DEFAULT_VALUE
            CONST Null type=androidx.lifecycle.ViewModelStoreOwner? value=null
          key: COMPOSITE type=kotlin.String? origin=DEFAULT_VALUE
            CONST Null type=kotlin.String? value=null
          $mask0: CONST Int type=kotlin.Int value=3
          $handler: CONST Null type=kotlin.Any? value=null
    VAR name:state type:com.hderbali.auth.SplashScreenState [val]
      CALL 'public abstract fun <get-value> (): T of androidx.compose.runtime.State declared in androidx.compose.runtime.State' type=com.hderbali.auth.SplashScreenState origin=GET_PROPERTY
        $this: TYPE_OP type=androidx.compose.runtime.State<com.hderbali.auth.SplashScreenState> origin=IMPLICIT_CAST typeOperand=androidx.compose.runtime.State<com.hderbali.auth.SplashScreenState>
          CALL 'public final fun collectAsState$default <T> (context: kotlin.coroutines.CoroutineContext?, $mask0: kotlin.Int, $handler: kotlin.Any?): androidx.compose.runtime.State<T of androidx.compose.runtime.SnapshotStateKt.collectAsState$default> declared in androidx.compose.runtime.SnapshotStateKt' type=androidx.compose.runtime.State<T of androidx.compose.runtime.SnapshotStateKt.collectAsState$default> origin=DEFAULT_DISPATCH_CALL
            <T>: com.hderbali.auth.SplashScreenState
            $receiver: CALL 'public final fun <get-state> (): kotlinx.coroutines.flow.StateFlow<com.hderbali.auth.SplashScreenState> declared in com.hderbali.auth.SplashViewModel' type=kotlinx.coroutines.flow.StateFlow<com.hderbali.auth.SplashScreenState> origin=GET_PROPERTY
              $this: GET_VAR 'val viewModel: com.hderbali.auth.SplashViewModel [val] declared in com.hderbali.auth.SplashScreenKt.SplashScreen' type=com.hderbali.auth.SplashViewModel origin=null
            context: COMPOSITE type=kotlin.coroutines.CoroutineContext? origin=DEFAULT_VALUE
              CONST Null type=kotlin.coroutines.CoroutineContext? value=null
            $mask0: CONST Int type=kotlin.Int value=1
            $handler: CONST Null type=kotlin.Any? value=null
    CALL 'public final fun LaunchedEffect (key1: kotlin.Any?, block: @[ExtensionFunctionType] kotlin.coroutines.SuspendFunction1<kotlinx.coroutines.CoroutineScope, kotlin.Unit>): kotlin.Unit declared in androidx.compose.runtime.EffectsKt' type=kotlin.Unit origin=null
      key1: CALL 'public final fun <get-isDataLoaded> (): kotlin.Boolean declared in com.hderbali.auth.SplashScreenState' type=kotlin.Boolean origin=GET_PROPERTY
        $this: GET_VAR 'val state: com.hderbali.auth.SplashScreenState [val] declared in com.hderbali.auth.SplashScreenKt.SplashScreen' type=com.hderbali.auth.SplashScreenState origin=null
      block: BLOCK type=com.hderbali.auth.SplashScreenKt.SplashScreen.<no name provided> origin=null
        CLASS SUSPEND_LAMBDA CLASS name:<no name provided> modality:FINAL visibility:public/*package*/ superTypes:[kotlin.coroutines.jvm.internal.SuspendLambda; kotlin.jvm.functions.Function2<kotlinx.coroutines.CoroutineScope, kotlin.coroutines.Continuation<kotlin.Unit>?, kotlin.Any?>]
          $this: VALUE_PARAMETER INSTANCE_RECEIVER name:<this> type:com.hderbali.auth.SplashScreenKt.SplashScreen.<no name provided>
          FIELD name:label type:kotlin.Int visibility:public/*package*/
          CONSTRUCTOR SUSPEND_LAMBDA visibility:public/*package*/ <> ($state:com.hderbali.auth.SplashScreenState, $onNavigateToHome:kotlin.Function0<kotlin.Unit>, $completion:kotlin.coroutines.Continuation<com.hderbali.auth.SplashScreenKt.SplashScreen.<no name provided>>?) returnType:com.hderbali.auth.SplashScreenKt.SplashScreen.<no name provided> [primary]
            VALUE_PARAMETER BOUND_VALUE_PARAMETER name:$state index:0 type:com.hderbali.auth.SplashScreenState
            VALUE_PARAMETER BOUND_VALUE_PARAMETER name:$onNavigateToHome index:1 type:kotlin.Function0<kotlin.Unit>
            VALUE_PARAMETER name:$completion index:2 type:kotlin.coroutines.Continuation<com.hderbali.auth.SplashScreenKt.SplashScreen.<no name provided>>?
            BLOCK_BODY
              SET_FIELD 'FIELD FIELD_FOR_CAPTURED_VALUE name:$state type:com.hderbali.auth.SplashScreenState visibility:public/*package*/ [final] declared in com.hderbali.auth.SplashScreenKt.SplashScreen.<no name provided>' type=kotlin.Unit origin=INITIALIZER_OF_FIELD_FOR_CAPTURED_VALUE
                receiver: GET_VAR '<this>: com.hderbali.auth.SplashScreenKt.SplashScreen.<no name provided> declared in com.hderbali.auth.SplashScreenKt.SplashScreen.<no name provided>' type=com.hderbali.auth.SplashScreenKt.SplashScreen.<no name provided> origin=null
                value: GET_VAR '$state: com.hderbali.auth.SplashScreenState declared in com.hderbali.auth.SplashScreenKt.SplashScreen.<no name provided>.<init>' type=com.hderbali.auth.SplashScreenState origin=null
              SET_FIELD 'FIELD FIELD_FOR_CAPTURED_VALUE name:$onNavigateToHome type:kotlin.Function0<kotlin.Unit> visibility:public/*package*/ [final] declared in com.hderbali.auth.SplashScreenKt.SplashScreen.<no name provided>' type=kotlin.Unit origin=INITIALIZER_OF_FIELD_FOR_CAPTURED_VALUE
                receiver: GET_VAR '<this>: com.hderbali.auth.SplashScreenKt.SplashScreen.<no name provided> declared in com.hderbali.auth.SplashScreenKt.SplashScreen.<no name provided>' type=com.hderbali.auth.SplashScreenKt.SplashScreen.<no name provided> origin=null
                value: GET_VAR '$onNavigateToHome: kotlin.Function0<kotlin.Unit> declared in com.hderbali.auth.SplashScreenKt.SplashScreen.<no name provided>.<init>' type=kotlin.Function0<kotlin.Unit> origin=null
              DELEGATING_CONSTRUCTOR_CALL 'public constructor <init> (arity: kotlin.Int, $completion: kotlin.coroutines.Continuation<kotlin.Any?>?) declared in kotlin.coroutines.jvm.internal.SuspendLambda'
                arity: CONST Int type=kotlin.Int value=2
                $completion: GET_VAR '$completion: kotlin.coroutines.Continuation<com.hderbali.auth.SplashScreenKt.SplashScreen.<no name provided>>? declared in com.hderbali.auth.SplashScreenKt.SplashScreen.<no name provided>.<init>' type=kotlin.coroutines.Continuation<com.hderbali.auth.SplashScreenKt.SplashScreen.<no name provided>>? origin=null
              BLOCK type=kotlin.Unit origin=null
          FUN name:invokeSuspend visibility:public modality:FINAL <> ($this:com.hderbali.auth.SplashScreenKt.SplashScreen.<no name provided>, $result:kotlin.Result<kotlin.Any?>) returnType:kotlin.Any?
            overridden:
              protected abstract fun invokeSuspend ($result: kotlin.Result<kotlin.Any?>): kotlin.Any? declared in kotlin.coroutines.jvm.internal.SuspendLambda
            $this: VALUE_PARAMETER INSTANCE_RECEIVER name:<this> type:com.hderbali.auth.SplashScreenKt.SplashScreen.<no name provided>
            VALUE_PARAMETER name:$result index:0 type:kotlin.Result<kotlin.Any?>
            BLOCK_BODY
              WHEN type=kotlin.Unit origin=IF
                BRANCH
                  if: CALL 'public final fun <get-isDataLoaded> (): kotlin.Boolean declared in com.hderbali.auth.SplashScreenState' type=kotlin.Boolean origin=GET_PROPERTY
                    $this: GET_FIELD 'FIELD FIELD_FOR_CAPTURED_VALUE name:$state type:com.hderbali.auth.SplashScreenState visibility:public/*package*/ [final] declared in com.hderbali.auth.SplashScreenKt.SplashScreen.<no name provided>' type=com.hderbali.auth.SplashScreenState origin=null
                      receiver: GET_VAR '<this>: com.hderbali.auth.SplashScreenKt.SplashScreen.<no name provided> declared in com.hderbali.auth.SplashScreenKt.SplashScreen.<no name provided>.invokeSuspend' type=com.hderbali.auth.SplashScreenKt.SplashScreen.<no name provided> origin=null
                  then: BLOCK type=kotlin.Unit origin=null
                    CALL 'public abstract fun invoke (): R of kotlin.Function0 [operator] declared in kotlin.Function0' type=kotlin.Unit origin=INVOKE
                      $this: GET_FIELD 'FIELD FIELD_FOR_CAPTURED_VALUE name:$onNavigateToHome type:kotlin.Function0<kotlin.Unit> visibility:public/*package*/ [final] declared in com.hderbali.auth.SplashScreenKt.SplashScreen.<no name provided>' type=kotlin.Function0<kotlin.Unit> origin=null
                        receiver: GET_VAR '<this>: com.hderbali.auth.SplashScreenKt.SplashScreen.<no name provided> declared in com.hderbali.auth.SplashScreenKt.SplashScreen.<no name provided>.invokeSuspend' type=com.hderbali.auth.SplashScreenKt.SplashScreen.<no name provided> origin=null
          FUN name:create visibility:public modality:FINAL <> ($this:com.hderbali.auth.SplashScreenKt.SplashScreen.<no name provided>, value:kotlin.Any?, $completion:kotlin.coroutines.Continuation<kotlin.Nothing>) returnType:kotlin.coroutines.Continuation<kotlin.Unit>
            overridden:
              public open fun create (value: kotlin.Any?, $completion: kotlin.coroutines.Continuation<kotlin.Nothing>): kotlin.coroutines.Continuation<kotlin.Unit> declared in kotlin.coroutines.jvm.internal.SuspendLambda
            $this: VALUE_PARAMETER INSTANCE_RECEIVER name:<this> type:com.hderbali.auth.SplashScreenKt.SplashScreen.<no name provided>
            VALUE_PARAMETER name:value index:0 type:kotlin.Any?
            VALUE_PARAMETER name:$completion index:1 type:kotlin.coroutines.Continuation<kotlin.Nothing>
            BLOCK_BODY
              RETURN type=kotlin.Nothing from='public final fun create (value: kotlin.Any?, $completion: kotlin.coroutines.Continuation<kotlin.Nothing>): kotlin.coroutines.Continuation<kotlin.Unit> declared in com.hderbali.auth.SplashScreenKt.SplashScreen.<no name provided>'
                CONSTRUCTOR_CALL 'public/*package*/ constructor <init> ($state: com.hderbali.auth.SplashScreenState, $onNavigateToHome: kotlin.Function0<kotlin.Unit>, $completion: kotlin.coroutines.Continuation<com.hderbali.auth.SplashScreenKt.SplashScreen.<no name provided>>?) [primary] declared in com.hderbali.auth.SplashScreenKt.SplashScreen.<no name provided>' type=com.hderbali.auth.SplashScreenKt.SplashScreen.<no name provided> origin=null
                  $state: GET_FIELD 'FIELD FIELD_FOR_CAPTURED_VALUE name:$state type:com.hderbali.auth.SplashScreenState visibility:public/*package*/ [final] declared in com.hderbali.auth.SplashScreenKt.SplashScreen.<no name provided>' type=com.hderbali.auth.SplashScreenState origin=null
                    receiver: GET_VAR '<this>: com.hderbali.auth.SplashScreenKt.SplashScreen.<no name provided> declared in com.hderbali.auth.SplashScreenKt.SplashScreen.<no name provided>.create' type=com.hderbali.auth.SplashScreenKt.SplashScreen.<no name provided> origin=null
                  $onNavigateToHome: GET_FIELD 'FIELD FIELD_FOR_CAPTURED_VALUE name:$onNavigateToHome type:kotlin.Function0<kotlin.Unit> visibility:public/*package*/ [final] declared in com.hderbali.auth.SplashScreenKt.SplashScreen.<no name provided>' type=kotlin.Function0<kotlin.Unit> origin=null
                    receiver: GET_VAR '<this>: com.hderbali.auth.SplashScreenKt.SplashScreen.<no name provided> declared in com.hderbali.auth.SplashScreenKt.SplashScreen.<no name provided>.create' type=com.hderbali.auth.SplashScreenKt.SplashScreen.<no name provided> origin=null
                  $completion: GET_VAR '$completion: kotlin.coroutines.Continuation<kotlin.Nothing> declared in com.hderbali.auth.SplashScreenKt.SplashScreen.<no name provided>.create' type=kotlin.coroutines.Continuation<kotlin.Nothing> origin=null
          FUN name:invoke visibility:public modality:FINAL <> ($this:com.hderbali.auth.SplashScreenKt.SplashScreen.<no name provided>, p1:kotlinx.coroutines.CoroutineScope, p2:kotlin.coroutines.Continuation<kotlin.Unit>?) returnType:kotlin.Any?
            overridden:
              public abstract fun invoke (p1: P1 of kotlin.jvm.functions.Function2, p2: P2 of kotlin.jvm.functions.Function2): R of kotlin.jvm.functions.Function2 declared in kotlin.jvm.functions.Function2
            $this: VALUE_PARAMETER INSTANCE_RECEIVER name:<this> type:com.hderbali.auth.SplashScreenKt.SplashScreen.<no name provided>
            VALUE_PARAMETER name:p1 index:0 type:kotlinx.coroutines.CoroutineScope
            VALUE_PARAMETER name:p2 index:1 type:kotlin.coroutines.Continuation<kotlin.Unit>?
            BLOCK_BODY
              RETURN type=kotlin.Nothing from='public final fun invoke (p1: kotlinx.coroutines.CoroutineScope, p2: kotlin.coroutines.Continuation<kotlin.Unit>?): kotlin.Any? declared in com.hderbali.auth.SplashScreenKt.SplashScreen.<no name provided>'
                CALL 'public final fun invokeSuspend ($result: kotlin.Result<kotlin.Any?>): kotlin.Any? declared in com.hderbali.auth.SplashScreenKt.SplashScreen.<no name provided>' type=kotlin.Any? origin=null
                  $this: TYPE_OP type=com.hderbali.auth.SplashScreenKt.SplashScreen.<no name provided> origin=IMPLICIT_CAST typeOperand=com.hderbali.auth.SplashScreenKt.SplashScreen.<no name provided>
                    CALL 'public final fun create (value: kotlin.Any?, $completion: kotlin.coroutines.Continuation<kotlin.Nothing>): kotlin.coroutines.Continuation<kotlin.Unit> declared in com.hderbali.auth.SplashScreenKt.SplashScreen.<no name provided>' type=kotlin.coroutines.Continuation<kotlin.Unit> origin=null
                      $this: GET_VAR '<this>: com.hderbali.auth.SplashScreenKt.SplashScreen.<no name provided> declared in com.hderbali.auth.SplashScreenKt.SplashScreen.<no name provided>.invoke' type=com.hderbali.auth.SplashScreenKt.SplashScreen.<no name provided> origin=null
                      value: GET_VAR 'p1: kotlinx.coroutines.CoroutineScope declared in com.hderbali.auth.SplashScreenKt.SplashScreen.<no name provided>.invoke' type=kotlinx.coroutines.CoroutineScope origin=null
                      $completion: GET_VAR 'p2: kotlin.coroutines.Continuation<kotlin.Unit>? declared in com.hderbali.auth.SplashScreenKt.SplashScreen.<no name provided>.invoke' type=kotlin.coroutines.Continuation<kotlin.Unit>? origin=null
                  $result: CALL 'public final fun <unsafe-coerce> <T, R> (v: T of kotlin.jvm.internal.<unsafe-coerce>): R of kotlin.jvm.internal.<unsafe-coerce> declared in kotlin.jvm.internal' type=kotlin.Result<kotlin.Any?> origin=null
                    <T>: kotlin.Any?
                    <R>: kotlin.Result<kotlin.Any?>
                    v: GET_FIELD 'FIELD FIELD_FOR_OBJECT_INSTANCE name:INSTANCE type:kotlin.Unit visibility:public [final,static] declared in kotlin.Unit' type=kotlin.Unit origin=null
          FIELD FIELD_FOR_CAPTURED_VALUE name:$state type:com.hderbali.auth.SplashScreenState visibility:public/*package*/ [final]
          FIELD FIELD_FOR_CAPTURED_VALUE name:$onNavigateToHome type:kotlin.Function0<kotlin.Unit> visibility:public/*package*/ [final]
          FUN BRIDGE name:invoke visibility:public modality:OPEN <> ($this:com.hderbali.auth.SplashScreenKt.SplashScreen.<no name provided>, p1:kotlin.Any?, p2:kotlin.Any?) returnType:kotlin.Any?
            $this: VALUE_PARAMETER INSTANCE_RECEIVER name:<this> type:com.hderbali.auth.SplashScreenKt.SplashScreen.<no name provided>
            VALUE_PARAMETER BRIDGE name:p1 index:0 type:kotlin.Any?
            VALUE_PARAMETER BRIDGE name:p2 index:1 type:kotlin.Any?
            EXPRESSION_BODY
              RETURN type=kotlin.Nothing from='public open fun invoke (p1: kotlin.Any?, p2: kotlin.Any?): kotlin.Any? declared in com.hderbali.auth.SplashScreenKt.SplashScreen.<no name provided>'
                CALL 'public final fun invoke (p1: kotlinx.coroutines.CoroutineScope, p2: kotlin.coroutines.Continuation<kotlin.Unit>?): kotlin.Any? declared in com.hderbali.auth.SplashScreenKt.SplashScreen.<no name provided>' type=kotlin.Any? origin=BRIDGE_DELEGATION
                  $this: GET_VAR '<this>: com.hderbali.auth.SplashScreenKt.SplashScreen.<no name provided> declared in com.hderbali.auth.SplashScreenKt.SplashScreen.<no name provided>.invoke' type=com.hderbali.auth.SplashScreenKt.SplashScreen.<no name provided> origin=null
                  p1: TYPE_OP type=kotlinx.coroutines.CoroutineScope origin=IMPLICIT_CAST typeOperand=kotlinx.coroutines.CoroutineScope
                    GET_VAR 'p1: kotlin.Any? declared in com.hderbali.auth.SplashScreenKt.SplashScreen.<no name provided>.invoke' type=kotlin.Any? origin=null
                  p2: TYPE_OP type=kotlin.coroutines.Continuation<*> origin=IMPLICIT_CAST typeOperand=kotlin.coroutines.Continuation<*>
                    GET_VAR 'p2: kotlin.Any? declared in com.hderbali.auth.SplashScreenKt.SplashScreen.<no name provided>.invoke' type=kotlin.Any? origin=null
        CONSTRUCTOR_CALL 'public/*package*/ constructor <init> ($state: com.hderbali.auth.SplashScreenState, $onNavigateToHome: kotlin.Function0<kotlin.Unit>, $completion: kotlin.coroutines.Continuation<com.hderbali.auth.SplashScreenKt.SplashScreen.<no name provided>>?) [primary] declared in com.hderbali.auth.SplashScreenKt.SplashScreen.<no name provided>' type=com.hderbali.auth.SplashScreenKt.SplashScreen.<no name provided> origin=null
          $state: GET_VAR 'val state: com.hderbali.auth.SplashScreenState [val] declared in com.hderbali.auth.SplashScreenKt.SplashScreen' type=com.hderbali.auth.SplashScreenState origin=null
          $onNavigateToHome: GET_VAR 'onNavigateToHome: kotlin.Function0<kotlin.Unit> declared in com.hderbali.auth.SplashScreenKt.SplashScreen' type=kotlin.Function0<kotlin.Unit> origin=null
          $completion: CONST Null type=kotlin.Nothing? value=null
    CALL 'public final fun SplashScreenContent (state: com.hderbali.auth.SplashScreenState, onRetryClick: kotlin.Function0<kotlin.Unit>): kotlin.Unit declared in com.hderbali.auth.SplashScreenContentKt' type=kotlin.Unit origin=null
      state: GET_VAR 'val state: com.hderbali.auth.SplashScreenState [val] declared in com.hderbali.auth.SplashScreenKt.SplashScreen' type=com.hderbali.auth.SplashScreenState origin=null
      onRetryClick: BLOCK type=com.hderbali.auth.SplashScreenKt.SplashScreen.<no name provided> origin=null
        CLASS FUNCTION_REFERENCE_IMPL CLASS name:<no name provided> modality:FINAL visibility:public/*package*/ superTypes:[kotlin.jvm.internal.FunctionReferenceImpl; kotlin.Function0<kotlin.Unit>]
          $this: VALUE_PARAMETER INSTANCE_RECEIVER name:<this> type:com.hderbali.auth.SplashScreenKt.SplashScreen.<no name provided>
          CONSTRUCTOR GENERATED_MEMBER_IN_CALLABLE_REFERENCE visibility:public/*package*/ <> (receiver:kotlin.Any?) returnType:com.hderbali.auth.SplashScreenKt.SplashScreen.<no name provided> [primary]
            VALUE_PARAMETER name:receiver index:0 type:kotlin.Any?
            BLOCK_BODY
              DELEGATING_CONSTRUCTOR_CALL 'public constructor <init> (arity: kotlin.Int, receiver: kotlin.Any?, owner: java.lang.Class<*>, name: kotlin.String, signature: kotlin.String, flags: kotlin.Int) declared in kotlin.jvm.internal.FunctionReferenceImpl'
                arity: CONST Int type=kotlin.Int value=0
                receiver: GET_VAR 'receiver: kotlin.Any? declared in com.hderbali.auth.SplashScreenKt.SplashScreen.<no name provided>.<init>' type=kotlin.Any? origin=null
                owner: CALL 'public final fun <get-java> (): java.lang.Class<*> declared in kotlin.jvm.JvmClassMappingKt' type=java.lang.Class<*> origin=GET_PROPERTY
                  $receiver: CLASS_REFERENCE 'CLASS IR_EXTERNAL_DECLARATION_STUB INTERFACE name:KClass modality:ABSTRACT visibility:public superTypes:[kotlin.reflect.KDeclarationContainer; kotlin.reflect.KAnnotatedElement; kotlin.reflect.KClassifier]' type=kotlin.reflect.KClass<*>
                name: CONST String type=kotlin.String value="retryLoading"
                signature: CALL 'public final fun <signature-string> (v: kotlin.Any?): kotlin.String declared in kotlin.jvm.internal' type=kotlin.String origin=null
                  v: FUNCTION_REFERENCE 'public final fun retryLoading (): kotlin.Unit declared in com.hderbali.auth.SplashViewModel' type=kotlin.reflect.KFunction0<kotlin.Unit> origin=null reflectionTarget=<same>
                flags: CONST Int type=kotlin.Int value=0
              BLOCK type=kotlin.Unit origin=null
          FUN name:invoke visibility:public modality:FINAL <> ($this:com.hderbali.auth.SplashScreenKt.SplashScreen.<no name provided>) returnType:kotlin.Unit
            overridden:
              public abstract fun invoke (): R of kotlin.Function0 [operator] declared in kotlin.Function0
            $this: VALUE_PARAMETER INSTANCE_RECEIVER name:<this> type:com.hderbali.auth.SplashScreenKt.SplashScreen.<no name provided>
            EXPRESSION_BODY
              CALL 'public final fun retryLoading (): kotlin.Unit declared in com.hderbali.auth.SplashViewModel' type=kotlin.Unit origin=null
                $this: TYPE_OP type=com.hderbali.auth.SplashViewModel origin=IMPLICIT_CAST typeOperand=com.hderbali.auth.SplashViewModel
                  GET_FIELD 'FIELD name:receiver type:kotlin.Any? visibility:protected declared in com.hderbali.auth.SplashScreenKt.SplashScreen.<no name provided>' type=kotlin.Any? origin=null
                    receiver: GET_VAR '<this>: com.hderbali.auth.SplashScreenKt.SplashScreen.<no name provided> declared in com.hderbali.auth.SplashScreenKt.SplashScreen.<no name provided>.invoke' type=com.hderbali.auth.SplashScreenKt.SplashScreen.<no name provided> origin=null
          FUN BRIDGE name:invoke visibility:public modality:OPEN <> ($this:com.hderbali.auth.SplashScreenKt.SplashScreen.<no name provided>) returnType:kotlin.Any?
            $this: VALUE_PARAMETER INSTANCE_RECEIVER name:<this> type:com.hderbali.auth.SplashScreenKt.SplashScreen.<no name provided>
            EXPRESSION_BODY
              RETURN type=kotlin.Nothing from='public open fun invoke (): kotlin.Any? declared in com.hderbali.auth.SplashScreenKt.SplashScreen.<no name provided>'
                CALL 'public final fun invoke (): kotlin.Unit declared in com.hderbali.auth.SplashScreenKt.SplashScreen.<no name provided>' type=kotlin.Unit origin=BRIDGE_DELEGATION
                  $this: GET_VAR '<this>: com.hderbali.auth.SplashScreenKt.SplashScreen.<no name provided> declared in com.hderbali.auth.SplashScreenKt.SplashScreen.<no name provided>.invoke' type=com.hderbali.auth.SplashScreenKt.SplashScreen.<no name provided> origin=null
        CONSTRUCTOR_CALL 'public/*package*/ constructor <init> (receiver: kotlin.Any?) [primary] declared in com.hderbali.auth.SplashScreenKt.SplashScreen.<no name provided>' type=com.hderbali.auth.SplashScreenKt.SplashScreen.<no name provided> origin=null
          receiver: GET_VAR 'val viewModel: com.hderbali.auth.SplashViewModel [val] declared in com.hderbali.auth.SplashScreenKt.SplashScreen' type=com.hderbali.auth.SplashViewModel origin=null

	at org.jetbrains.kotlin.backend.jvm.codegen.FunctionCodegen.generate(FunctionCodegen.kt:47)
	at org.jetbrains.kotlin.backend.jvm.codegen.FunctionCodegen.generate$default(FunctionCodegen.kt:40)
	at org.jetbrains.kotlin.backend.jvm.codegen.ClassCodegen.generateMethodNode(ClassCodegen.kt:406)
	at org.jetbrains.kotlin.backend.jvm.codegen.ClassCodegen.generateMethod(ClassCodegen.kt:423)
	at org.jetbrains.kotlin.backend.jvm.codegen.ClassCodegen.generate(ClassCodegen.kt:168)
	at org.jetbrains.kotlin.backend.jvm.FileCodegen.lower(JvmPhases.kt:39)
	at org.jetbrains.kotlin.backend.common.phaser.PhaseFactoriesKt.createFilePhase$lambda$4(PhaseFactories.kt:71)
	at org.jetbrains.kotlin.backend.common.phaser.PhaseBuildersKt$createSimpleNamedCompilerPhase$1.phaseBody(PhaseBuilders.kt:69)
	at org.jetbrains.kotlin.backend.common.phaser.SimpleNamedCompilerPhase.phaseBody(CompilerPhase.kt:226)
	at org.jetbrains.kotlin.backend.common.phaser.AbstractNamedCompilerPhase.invoke(CompilerPhase.kt:113)
	at org.jetbrains.kotlin.backend.common.phaser.PerformByIrFilePhase.invokeSequential(performByIrFile.kt:62)
	... 43 more
Caused by: org.jetbrains.kotlin.codegen.CompilationException: Back-end (JVM) Internal error: Couldn't inline method call: CALL 'public final fun hiltViewModel$default <VM> (viewModelStoreOwner: androidx.lifecycle.ViewModelStoreOwner?, key: kotlin.String?, $mask0: kotlin.Int, $handler: kotlin.Any?): VM of androidx.hilt.navigation.compose.HiltViewModelKt.hiltViewModel$default [inline] declared in androidx.hilt.navigation.compose.HiltViewModelKt' type=VM of androidx.hilt.navigation.compose.HiltViewModelKt.hiltViewModel$default origin=DEFAULT_DISPATCH_CALL
Method: null
File is unknown
The root cause java.lang.IllegalStateException was thrown at: org.jetbrains.kotlin.codegen.inline.SourceCompilerForInlineKt.getMethodNode(SourceCompilerForInline.kt:118)
	at org.jetbrains.kotlin.codegen.inline.InlineCodegen.performInline(InlineCodegen.kt:65)
	at org.jetbrains.kotlin.backend.jvm.codegen.IrInlineCodegen.genInlineCall(IrInlineCodegen.kt:163)
	at org.jetbrains.kotlin.backend.jvm.codegen.IrInlineCallGenerator.genCall(IrInlineCallGenerator.kt:36)
	at org.jetbrains.kotlin.backend.jvm.codegen.ExpressionCodegen.visitCall(ExpressionCodegen.kt:653)
	at org.jetbrains.kotlin.backend.jvm.codegen.ExpressionCodegen.visitCall(ExpressionCodegen.kt:138)
	at org.jetbrains.kotlin.ir.expressions.IrCall.accept(IrCall.kt:24)
	at org.jetbrains.kotlin.backend.jvm.codegen.ExpressionCodegen.visitTypeOperator(ExpressionCodegen.kt:1127)
	at org.jetbrains.kotlin.backend.jvm.codegen.ExpressionCodegen.visitTypeOperator(ExpressionCodegen.kt:138)
	at org.jetbrains.kotlin.ir.expressions.IrTypeOperatorCall.accept(IrTypeOperatorCall.kt:26)
	at org.jetbrains.kotlin.backend.jvm.codegen.ExpressionCodegen.visitVariable(ExpressionCodegen.kt:790)
	at org.jetbrains.kotlin.backend.jvm.codegen.ExpressionCodegen.visitVariable(ExpressionCodegen.kt:138)
	at org.jetbrains.kotlin.ir.declarations.IrVariable.accept(IrVariable.kt:36)
	at org.jetbrains.kotlin.backend.jvm.codegen.ExpressionCodegen.visitStatementContainer(ExpressionCodegen.kt:579)
	at org.jetbrains.kotlin.backend.jvm.codegen.ExpressionCodegen.visitBlockBody(ExpressionCodegen.kt:584)
	at org.jetbrains.kotlin.backend.jvm.codegen.ExpressionCodegen.visitBlockBody(ExpressionCodegen.kt:138)
	at org.jetbrains.kotlin.ir.expressions.IrBlockBody.accept(IrBlockBody.kt:20)
	at org.jetbrains.kotlin.backend.jvm.codegen.ExpressionCodegen.generate(ExpressionCodegen.kt:240)
	at org.jetbrains.kotlin.backend.jvm.codegen.FunctionCodegen.doGenerate(FunctionCodegen.kt:123)
	at org.jetbrains.kotlin.backend.jvm.codegen.FunctionCodegen.generate(FunctionCodegen.kt:44)
	... 53 more
Caused by: java.lang.IllegalStateException: couldn't find inline method Landroidx/hilt/navigation/compose/HiltViewModelKt;.hiltViewModel$default(Landroidx/lifecycle/ViewModelStoreOwner;Ljava/lang/String;ILjava/lang/Object;)Landroidx/lifecycle/ViewModel;
	at org.jetbrains.kotlin.codegen.inline.SourceCompilerForInlineKt.getMethodNode(SourceCompilerForInline.kt:118)
	at org.jetbrains.kotlin.codegen.inline.SourceCompilerForInlineKt.loadCompiledInlineFunction(SourceCompilerForInline.kt:96)
	at org.jetbrains.kotlin.backend.jvm.codegen.IrSourceCompilerForInline.compileInlineFunction(IrSourceCompilerForInline.kt:91)
	at org.jetbrains.kotlin.codegen.inline.InlineCodegen.compileInline(InlineCodegen.kt:43)
	at org.jetbrains.kotlin.codegen.inline.InlineCodegen.performInline(InlineCodegen.kt:51)
	... 71 more


